<?xml version="1.0" encoding="UTF-8"?>
<coverage generated="1619265738">
  <project timestamp="1619265738">
    <file name="/var/www/Librerias/config/src/Config.php">
      <class name="Tleckie\Config\Config" namespace="global">
        <metrics complexity="20" methods="16" coveredmethods="16" conditionals="0" coveredconditionals="0" statements="36" coveredstatements="36" elements="52" coveredelements="52"/>
      </class>
      <line num="21" type="method" name="__construct" visibility="public" complexity="1" crap="1" count="7"/>
      <line num="23" type="stmt" count="7"/>
      <line num="24" type="stmt" count="7"/>
      <line num="31" type="method" name="get" visibility="public" complexity="1" crap="1" count="3"/>
      <line num="33" type="stmt" count="3"/>
      <line num="40" type="method" name="offsetGet" visibility="public" complexity="3" crap="3" count="5"/>
      <line num="42" type="stmt" count="5"/>
      <line num="43" type="stmt" count="2"/>
      <line num="46" type="stmt" count="5"/>
      <line num="47" type="stmt" count="2"/>
      <line num="50" type="stmt" count="5"/>
      <line num="57" type="method" name="has" visibility="public" complexity="1" crap="1" count="1"/>
      <line num="59" type="stmt" count="1"/>
      <line num="66" type="method" name="offsetExists" visibility="public" complexity="1" crap="1" count="2"/>
      <line num="68" type="stmt" count="2"/>
      <line num="76" type="method" name="set" visibility="public" complexity="1" crap="1" count="1"/>
      <line num="78" type="stmt" count="1"/>
      <line num="80" type="stmt" count="1"/>
      <line num="87" type="method" name="offsetSet" visibility="public" complexity="1" crap="1" count="2"/>
      <line num="89" type="stmt" count="2"/>
      <line num="90" type="stmt" count="2"/>
      <line num="95" type="method" name="jsonSerialize" visibility="public" complexity="1" crap="1" count="2"/>
      <line num="97" type="stmt" count="2"/>
      <line num="103" type="method" name="toArray" visibility="public" complexity="1" crap="1" count="2"/>
      <line num="105" type="stmt" count="2"/>
      <line num="106" type="stmt" count="2"/>
      <line num="107" type="stmt" count="2"/>
      <line num="115" type="method" name="__get" visibility="public" complexity="1" crap="1" count="5"/>
      <line num="117" type="stmt" count="5"/>
      <line num="124" type="method" name="__set" visibility="public" complexity="1" crap="1" count="1"/>
      <line num="126" type="stmt" count="1"/>
      <line num="127" type="stmt" count="1"/>
      <line num="133" type="method" name="__isset" visibility="public" complexity="1" crap="1" count="1"/>
      <line num="135" type="stmt" count="1"/>
      <line num="141" type="method" name="__unset" visibility="public" complexity="1" crap="1" count="1"/>
      <line num="143" type="stmt" count="1"/>
      <line num="144" type="stmt" count="1"/>
      <line num="149" type="method" name="offsetUnset" visibility="public" complexity="1" crap="1" count="1"/>
      <line num="151" type="stmt" count="1"/>
      <line num="152" type="stmt" count="1"/>
      <line num="158" type="method" name="merge" visibility="public" complexity="2" crap="2" count="1"/>
      <line num="160" type="stmt" count="1"/>
      <line num="161" type="stmt" count="1"/>
      <line num="162" type="stmt" count="1"/>
      <line num="165" type="stmt" count="1"/>
      <line num="166" type="stmt" count="1"/>
      <line num="168" type="stmt" count="1"/>
      <line num="175" type="method" name="check" visibility="private" complexity="2" crap="2" count="7"/>
      <line num="177" type="stmt" count="7"/>
      <line num="178" type="stmt" count="7"/>
      <line num="179" type="stmt" count="7"/>
      <line num="181" type="stmt" count="7"/>
      <metrics loc="183" ncloc="113" classes="1" methods="16" coveredmethods="16" conditionals="0" coveredconditionals="0" statements="36" coveredstatements="36" elements="52" coveredelements="52"/>
    </file>
    <file name="/var/www/Librerias/config/src/ConfigInterface.php">
      <metrics loc="97" ncloc="37" classes="0" methods="0" coveredmethods="0" conditionals="0" coveredconditionals="0" statements="0" coveredstatements="0" elements="0" coveredelements="0"/>
    </file>
    <metrics files="2" loc="280" ncloc="150" classes="1" methods="16" coveredmethods="16" conditionals="0" coveredconditionals="0" statements="36" coveredstatements="36" elements="52" coveredelements="52"/>
  </project>
</coverage>
